<?xml version="1.0" encoding="UTF-8"?>
<!-- Generated by org.testng.reporters.JUnitReportReporter -->
<testsuite hostname="DESKTOP-3R73L8V" failures="0" tests="1" name="com.inetbanking.testCases.TC_AddCustomerTest_003" time="18.573" errors="0" timestamp="18 Oct 2018 05:04:38 GMT" skipped="0">
  <testcase classname="com.inetbanking.testCases.TC_AddCustomerTest_003" name="addNewCustomer" time="18.573"/>
</testsuite> <!-- com.inetbanking.testCases.TC_AddCustomerTest_003 -->
